This file contains any messages produced by compilers while
running configure, to aid debugging if configure makes a mistake.

It was created by jamvm configure 2.0.0, which was
generated by GNU Autoconf 2.69.  Invocation command line was

  $ ./configure --enable-ffi

## --------- ##
## Platform. ##
## --------- ##

hostname = chenquandeMacBook-Pro.local
uname -m = x86_64
uname -r = 19.6.0
uname -s = Darwin
uname -v = Darwin Kernel Version 19.6.0: Mon Aug 31 22:12:52 PDT 2020; root:xnu-6153.141.2~1/RELEASE_X86_64

/usr/bin/uname -p = i386
/bin/uname -X     = unknown

/bin/arch              = unknown
/usr/bin/arch -k       = unknown
/usr/convex/getsysinfo = unknown
/usr/bin/hostinfo      = Mach kernel version:
	 Darwin Kernel Version 19.6.0: Mon Aug 31 22:12:52 PDT 2020; root:xnu-6153.141.2~1/RELEASE_X86_64
Kernel configured for up to 4 processors.
2 processors are physically available.
4 processors are logically available.
Processor type: x86_64h (Intel x86-64h Haswell)
Processors active: 0 1 2 3
Primary memory available: 8.00 gigabytes
Default processor set: 426 tasks, 2836 threads, 4 processors
Load average: 3.73, Mach factor: 1.09
/bin/machine           = unknown
/usr/bin/oslevel       = unknown
/bin/universe          = unknown

PATH: /usr/local/opt/mysql-client/bin
PATH: /Users/chenquan/.gem/bin
PATH: /Users/chenquan/.nvm/versions/node/v12.19.0/bin
PATH: /Users/chenquan/.cargo/bin
PATH: /usr/local/bin
PATH: /usr/bin
PATH: /bin
PATH: /usr/sbin
PATH: /sbin
PATH: /Library/TeX/texbin
PATH: /usr/local/go/bin
PATH: /Library/Apple/usr/bin
PATH: /Users/chenquan/.local/bin
PATH: /usr/local/go/bin
PATH: /Users/chenquan/Workspace/go/bin
PATH: /Users/chenquan/Software/apache-maven-3.6.3/bin
PATH: /Users/chenquan/Library/Python/2.7/bin
PATH: /Users/chenquan/.local/bin
PATH: /Library/TeX/texbin/


## ----------- ##
## Core tests. ##
## ----------- ##

configure:2385: checking for a BSD-compatible install
configure:2453: result: /usr/bin/install -c
configure:2464: checking whether build environment is sane
configure:2514: result: yes
configure:2655: checking for a thread-safe mkdir -p
configure:2694: result: ./install-sh -c -d
configure:2707: checking for gawk
configure:2737: result: no
configure:2707: checking for mawk
configure:2737: result: no
configure:2707: checking for nawk
configure:2737: result: no
configure:2707: checking for awk
configure:2723: found /usr/bin/awk
configure:2734: result: awk
configure:2745: checking whether make sets $(MAKE)
configure:2767: result: yes
configure:2852: checking build system type
configure:2866: result: x86_64-apple-darwin19.6.0
configure:2885: checking host system type
configure:2899: result: x86_64-apple-darwin19.6.0
configure:3333: checking how to print strings
configure:3360: result: printf
configure:3393: checking for style of include used by make
configure:3421: result: GNU
configure:3492: checking for gcc
configure:3508: found /usr/bin/gcc
configure:3519: result: gcc
configure:3748: checking for C compiler version
configure:3757: gcc --version >&5
Apple clang version 11.0.3 (clang-1103.0.32.59)
Target: x86_64-apple-darwin19.6.0
Thread model: posix
InstalledDir: /Library/Developer/CommandLineTools/usr/bin
Configured with: --prefix=/Library/Developer/CommandLineTools/usr --with-gxx-include-dir=/Library/Developer/CommandLineTools/SDKs/MacOSX.sdk/usr/include/c++/4.2.1
configure:3768: $? = 0
configure:3757: gcc -v >&5
Configured with: --prefix=/Library/Developer/CommandLineTools/usr --with-gxx-include-dir=/Library/Developer/CommandLineTools/SDKs/MacOSX.sdk/usr/include/c++/4.2.1
Apple clang version 11.0.3 (clang-1103.0.32.59)
Target: x86_64-apple-darwin19.6.0
Thread model: posix
InstalledDir: /Library/Developer/CommandLineTools/usr/bin
configure:3768: $? = 0
configure:3757: gcc -V >&5
clang: error: unsupported option '-V -Wno-objc-signed-char-bool-implicit-int-conversion'
clang: error: no input files
configure:3768: $? = 1
configure:3757: gcc -qversion >&5
clang: error: unknown argument '-qversion'; did you mean '--version'?
clang: error: no input files
configure:3768: $? = 1
configure:3788: checking whether the C compiler works
configure:3810: gcc    conftest.c  >&5
configure:3814: $? = 0
configure:3862: result: yes
configure:3865: checking for C compiler default output file name
configure:3867: result: a.out
configure:3873: checking for suffix of executables
configure:3880: gcc -o conftest    conftest.c  >&5
configure:3884: $? = 0
configure:3906: result: 
configure:3928: checking whether we are cross compiling
configure:3936: gcc -o conftest    conftest.c  >&5
configure:3940: $? = 0
configure:3947: ./conftest
configure:3951: $? = 0
configure:3966: result: no
configure:3971: checking for suffix of object files
configure:3993: gcc -c   conftest.c >&5
configure:3997: $? = 0
configure:4018: result: o
configure:4022: checking whether we are using the GNU C compiler
configure:4041: gcc -c   conftest.c >&5
configure:4041: $? = 0
configure:4050: result: yes
configure:4059: checking whether gcc accepts -g
configure:4079: gcc -c -g  conftest.c >&5
configure:4079: $? = 0
configure:4120: result: yes
configure:4137: checking for gcc option to accept ISO C89
configure:4200: gcc  -c -g -O2  conftest.c >&5
configure:4200: $? = 0
configure:4213: result: none needed
configure:4235: checking dependency style of gcc
configure:4346: result: gcc3
configure:4361: checking for a sed that does not truncate output
configure:4425: result: /usr/bin/sed
configure:4443: checking for grep that handles long lines and -e
configure:4501: result: /usr/bin/grep
configure:4506: checking for egrep
configure:4568: result: /usr/bin/grep -E
configure:4573: checking for fgrep
configure:4635: result: /usr/bin/grep -F
configure:4670: checking for ld used by gcc
configure:4737: result: /Library/Developer/CommandLineTools/usr/bin/ld
configure:4744: checking if the linker (/Library/Developer/CommandLineTools/usr/bin/ld) is GNU ld
configure:4759: result: no
configure:4771: checking for BSD- or MS-compatible name lister (nm)
configure:4820: result: /usr/bin/nm -B
configure:4950: checking the name lister (/usr/bin/nm -B) interface
configure:4957: gcc -c -g -O2  conftest.c >&5
configure:4960: /usr/bin/nm -B "conftest.o"
configure:4963: output
00000000000001d4 S _some_variable
configure:4970: result: BSD nm
configure:4973: checking whether ln -s works
configure:4977: result: yes
configure:4985: checking the maximum length of command line arguments
configure:5115: result: 196608
configure:5132: checking whether the shell understands some XSI constructs
configure:5142: result: yes
configure:5146: checking whether the shell understands "+="
configure:5152: result: yes
configure:5187: checking how to convert x86_64-apple-darwin19.6.0 file names to x86_64-apple-darwin19.6.0 format
configure:5227: result: func_convert_file_noop
configure:5234: checking how to convert x86_64-apple-darwin19.6.0 file names to toolchain format
configure:5254: result: func_convert_file_noop
configure:5261: checking for /Library/Developer/CommandLineTools/usr/bin/ld option to reload object files
configure:5268: result: -r
configure:5342: checking for objdump
configure:5358: found /usr/bin/objdump
configure:5369: result: objdump
configure:5401: checking how to recognize dependent libraries
configure:5599: result: pass_all
configure:5684: checking for dlltool
configure:5714: result: no
configure:5744: checking how to associate runtime and link libraries
configure:5771: result: printf %s\n
configure:5832: checking for ar
configure:5848: found /usr/bin/ar
configure:5859: result: ar
configure:5896: checking for archiver @FILE support
configure:5913: gcc -c -g -O2  conftest.c >&5
configure:5913: $? = 0
configure:5916: ar cru libconftest.a @conftest.lst >&5
ar: @conftest.lst: No such file or directory
configure:5919: $? = 1
configure:5939: result: no
configure:5997: checking for strip
configure:6013: found /usr/bin/strip
configure:6024: result: strip
configure:6096: checking for ranlib
configure:6112: found /usr/bin/ranlib
configure:6123: result: ranlib
configure:6225: checking command to parse /usr/bin/nm -B output from gcc object
configure:6345: gcc -c -g -O2  conftest.c >&5
configure:6348: $? = 0
configure:6352: /usr/bin/nm -B conftest.o \| sed -n -e 's/^.*[ ]\([BCDEGRST][BCDEGRST]*\)[ ][ ]*\([_A-Za-z][_A-Za-z0-9]*\)$/\1 \2 \2/p' | sed '/ __gnu_lto/d' \> conftest.nm
configure:6355: $? = 0
cannot find nm_test_var in conftest.nm
configure:6345: gcc -c -g -O2  conftest.c >&5
configure:6348: $? = 0
configure:6352: /usr/bin/nm -B conftest.o \| sed -n -e 's/^.*[ ]\([BCDEGRST][BCDEGRST]*\)[ ][ ]*_\([_A-Za-z][_A-Za-z0-9]*\)$/\1 _\2 \2/p' | sed '/ __gnu_lto/d' \> conftest.nm
configure:6355: $? = 0
configure:6421: gcc -o conftest -g -O2   conftest.c conftstm.o >&5
warning: (x86_64)  could not find object file symbol for symbol _main
configure:6424: $? = 0
configure:6462: result: ok
configure:6499: checking for sysroot
configure:6529: result: no
configure:6785: checking for mt
configure:6815: result: no
configure:6835: checking if : is a manifest tool
configure:6841: : '-?'
configure:6849: result: no
configure:6905: checking for dsymutil
configure:6921: found /usr/bin/dsymutil
configure:6932: result: dsymutil
configure:6997: checking for nmedit
configure:7013: found /usr/bin/nmedit
configure:7024: result: nmedit
configure:7089: checking for lipo
configure:7105: found /usr/bin/lipo
configure:7116: result: lipo
configure:7181: checking for otool
configure:7197: found /usr/bin/otool
configure:7208: result: otool
configure:7273: checking for otool64
configure:7303: result: no
configure:7348: checking for -single_module linker flag
gcc -g -O2  -o libconftest.dylib -dynamiclib -Wl,-single_module conftest.c
configure:7381: result: yes
configure:7384: checking for -exported_symbols_list linker flag
configure:7404: gcc -o conftest -g -O2   -Wl,-exported_symbols_list,conftest.sym conftest.c  >&5
configure:7404: $? = 0
configure:7414: result: yes
configure:7417: checking for -force_load linker flag
gcc -g -O2 -c -o conftest.o conftest.c
ar cru libconftest.a conftest.o
ranlib libconftest.a
gcc -g -O2  -o conftest conftest.c -Wl,-force_load,./libconftest.a
configure:7449: result: yes
configure:7491: checking how to run the C preprocessor
configure:7522: gcc -E  conftest.c
configure:7522: $? = 0
configure:7536: gcc -E  conftest.c
conftest.c:16:10: fatal error: 'ac_nonexistent.h' file not found
#include <ac_nonexistent.h>
         ^~~~~~~~~~~~~~~~~~
1 error generated.
configure:7536: $? = 1
configure: failed program was:
| /* confdefs.h */
| #define PACKAGE_NAME "jamvm"
| #define PACKAGE_TARNAME "jamvm"
| #define PACKAGE_VERSION "2.0.0"
| #define PACKAGE_STRING "jamvm 2.0.0"
| #define PACKAGE_BUGREPORT ""
| #define PACKAGE_URL ""
| #define PACKAGE "jamvm"
| #define VERSION "2.0.0"
| #define THREADED 1
| #define DIRECT 1
| #define INLINING 1
| #define CLASSPATH_INSTALL_DIR "/usr/local/classpath"
| #define INSTALL_DIR "/usr/local/jamvm"
| /* end confdefs.h.  */
| #include <ac_nonexistent.h>
configure:7561: result: gcc -E
configure:7581: gcc -E  conftest.c
configure:7581: $? = 0
configure:7595: gcc -E  conftest.c
conftest.c:16:10: fatal error: 'ac_nonexistent.h' file not found
#include <ac_nonexistent.h>
         ^~~~~~~~~~~~~~~~~~
1 error generated.
configure:7595: $? = 1
configure: failed program was:
| /* confdefs.h */
| #define PACKAGE_NAME "jamvm"
| #define PACKAGE_TARNAME "jamvm"
| #define PACKAGE_VERSION "2.0.0"
| #define PACKAGE_STRING "jamvm 2.0.0"
| #define PACKAGE_BUGREPORT ""
| #define PACKAGE_URL ""
| #define PACKAGE "jamvm"
| #define VERSION "2.0.0"
| #define THREADED 1
| #define DIRECT 1
| #define INLINING 1
| #define CLASSPATH_INSTALL_DIR "/usr/local/classpath"
| #define INSTALL_DIR "/usr/local/jamvm"
| /* end confdefs.h.  */
| #include <ac_nonexistent.h>
configure:7624: checking for ANSI C header files
configure:7644: gcc -c -g -O2  conftest.c >&5
configure:7644: $? = 0
configure:7717: gcc -o conftest -g -O2   conftest.c  >&5
configure:7717: $? = 0
configure:7717: ./conftest
configure:7717: $? = 0
configure:7728: result: yes
configure:7741: checking for sys/types.h
configure:7741: gcc -c -g -O2  conftest.c >&5
configure:7741: $? = 0
configure:7741: result: yes
configure:7741: checking for sys/stat.h
configure:7741: gcc -c -g -O2  conftest.c >&5
configure:7741: $? = 0
configure:7741: result: yes
configure:7741: checking for stdlib.h
configure:7741: gcc -c -g -O2  conftest.c >&5
configure:7741: $? = 0
configure:7741: result: yes
configure:7741: checking for string.h
configure:7741: gcc -c -g -O2  conftest.c >&5
configure:7741: $? = 0
configure:7741: result: yes
configure:7741: checking for memory.h
configure:7741: gcc -c -g -O2  conftest.c >&5
configure:7741: $? = 0
configure:7741: result: yes
configure:7741: checking for strings.h
configure:7741: gcc -c -g -O2  conftest.c >&5
configure:7741: $? = 0
configure:7741: result: yes
configure:7741: checking for inttypes.h
configure:7741: gcc -c -g -O2  conftest.c >&5
configure:7741: $? = 0
configure:7741: result: yes
configure:7741: checking for stdint.h
configure:7741: gcc -c -g -O2  conftest.c >&5
configure:7741: $? = 0
configure:7741: result: yes
configure:7741: checking for unistd.h
configure:7741: gcc -c -g -O2  conftest.c >&5
configure:7741: $? = 0
configure:7741: result: yes
configure:7755: checking for dlfcn.h
configure:7755: gcc -c -g -O2  conftest.c >&5
configure:7755: $? = 0
configure:7755: result: yes
configure:7931: checking for objdir
configure:7946: result: .libs
configure:8213: checking if gcc supports -fno-rtti -fno-exceptions
configure:8231: gcc -c -g -O2  -fno-rtti -fno-exceptions conftest.c >&5
configure:8235: $? = 0
configure:8248: result: yes
configure:8575: checking for gcc option to produce PIC
configure:8582: result: -fno-common -DPIC
configure:8590: checking if gcc PIC flag -fno-common -DPIC works
configure:8608: gcc -c -g -O2  -fno-common -DPIC -DPIC conftest.c >&5
configure:8612: $? = 0
configure:8625: result: yes
configure:8654: checking if gcc static flag -static works
configure:8682: result: no
configure:8697: checking if gcc supports -c -o file.o
configure:8718: gcc -c -g -O2  -o out/conftest2.o conftest.c >&5
configure:8722: $? = 0
configure:8744: result: yes
configure:8752: checking if gcc supports -c -o file.o
configure:8799: result: yes
configure:8832: checking whether the gcc linker (/Library/Developer/CommandLineTools/usr/bin/ld) supports shared libraries
configure:9989: result: yes
configure:10229: checking dynamic linker characteristics
configure:10963: result: darwin dyld
configure:11070: checking how to hardcode library paths into programs
configure:11095: result: immediate
configure:11635: checking whether stripping libraries is possible
configure:11649: result: yes
configure:11675: checking if libtool supports shared libraries
configure:11677: result: yes
configure:11680: checking whether to build shared libraries
configure:11701: result: yes
configure:11704: checking whether to build static libraries
configure:11708: result: no
configure:11794: checking for gcc
configure:11821: result: gcc
configure:12050: checking for C compiler version
configure:12059: gcc --version >&5
Apple clang version 11.0.3 (clang-1103.0.32.59)
Target: x86_64-apple-darwin19.6.0
Thread model: posix
InstalledDir: /Library/Developer/CommandLineTools/usr/bin
Configured with: --prefix=/Library/Developer/CommandLineTools/usr --with-gxx-include-dir=/Library/Developer/CommandLineTools/SDKs/MacOSX.sdk/usr/include/c++/4.2.1
configure:12070: $? = 0
configure:12059: gcc -v >&5
Configured with: --prefix=/Library/Developer/CommandLineTools/usr --with-gxx-include-dir=/Library/Developer/CommandLineTools/SDKs/MacOSX.sdk/usr/include/c++/4.2.1
Apple clang version 11.0.3 (clang-1103.0.32.59)
Target: x86_64-apple-darwin19.6.0
Thread model: posix
InstalledDir: /Library/Developer/CommandLineTools/usr/bin
configure:12070: $? = 0
configure:12059: gcc -V >&5
clang: error: unsupported option '-V -Wno-objc-signed-char-bool-implicit-int-conversion'
clang: error: no input files
configure:12070: $? = 1
configure:12059: gcc -qversion >&5
clang: error: unknown argument '-qversion'; did you mean '--version'?
clang: error: no input files
configure:12070: $? = 1
configure:12074: checking whether we are using the GNU C compiler
configure:12102: result: yes
configure:12111: checking whether gcc accepts -g
configure:12172: result: yes
configure:12189: checking for gcc option to accept ISO C89
configure:12265: result: none needed
configure:12287: checking dependency style of gcc
configure:12398: result: gcc3
configure:12422: checking dependency style of gcc
configure:12531: result: gcc3
configure:12551: checking for ecj
configure:12581: result: no
configure:12551: checking for jikes
configure:12567: found /usr/local/bin/jikes
configure:12578: result: jikes
configure:12591: checking for pthread_self in -lthr
configure:12616: gcc -o conftest -g -O2   conftest.c -lthr   >&5
ld: library not found for -lthr
clang: error: linker command failed with exit code 1 (use -v to see invocation)
configure:12616: $? = 1
configure: failed program was:
| /* confdefs.h */
| #define PACKAGE_NAME "jamvm"
| #define PACKAGE_TARNAME "jamvm"
| #define PACKAGE_VERSION "2.0.0"
| #define PACKAGE_STRING "jamvm 2.0.0"
| #define PACKAGE_BUGREPORT ""
| #define PACKAGE_URL ""
| #define PACKAGE "jamvm"
| #define VERSION "2.0.0"
| #define THREADED 1
| #define DIRECT 1
| #define INLINING 1
| #define CLASSPATH_INSTALL_DIR "/usr/local/classpath"
| #define INSTALL_DIR "/usr/local/jamvm"
| #define STDC_HEADERS 1
| #define HAVE_SYS_TYPES_H 1
| #define HAVE_SYS_STAT_H 1
| #define HAVE_STDLIB_H 1
| #define HAVE_STRING_H 1
| #define HAVE_MEMORY_H 1
| #define HAVE_STRINGS_H 1
| #define HAVE_INTTYPES_H 1
| #define HAVE_STDINT_H 1
| #define HAVE_UNISTD_H 1
| #define HAVE_DLFCN_H 1
| #define LT_OBJDIR ".libs/"
| /* end confdefs.h.  */
| 
| /* Override any GCC internal prototype to avoid an error.
|    Use char because int might match the return type of a GCC
|    builtin and then its argument prototype would still apply.  */
| #ifdef __cplusplus
| extern "C"
| #endif
| char pthread_self ();
| int
| main ()
| {
| return pthread_self ();
|   ;
|   return 0;
| }
configure:12625: result: no
configure:12636: checking for pthread_self in -lpthread
configure:12661: gcc -o conftest -g -O2   conftest.c -lpthread   >&5
configure:12661: $? = 0
configure:12670: result: yes
configure:12687: checking for clock_gettime in -lrt
configure:12712: gcc -o conftest -g -O2   conftest.c -lrt  -lpthread  >&5
ld: library not found for -lrt
clang: error: linker command failed with exit code 1 (use -v to see invocation)
configure:12712: $? = 1
configure: failed program was:
| /* confdefs.h */
| #define PACKAGE_NAME "jamvm"
| #define PACKAGE_TARNAME "jamvm"
| #define PACKAGE_VERSION "2.0.0"
| #define PACKAGE_STRING "jamvm 2.0.0"
| #define PACKAGE_BUGREPORT ""
| #define PACKAGE_URL ""
| #define PACKAGE "jamvm"
| #define VERSION "2.0.0"
| #define THREADED 1
| #define DIRECT 1
| #define INLINING 1
| #define CLASSPATH_INSTALL_DIR "/usr/local/classpath"
| #define INSTALL_DIR "/usr/local/jamvm"
| #define STDC_HEADERS 1
| #define HAVE_SYS_TYPES_H 1
| #define HAVE_SYS_STAT_H 1
| #define HAVE_STDLIB_H 1
| #define HAVE_STRING_H 1
| #define HAVE_MEMORY_H 1
| #define HAVE_STRINGS_H 1
| #define HAVE_INTTYPES_H 1
| #define HAVE_STDINT_H 1
| #define HAVE_UNISTD_H 1
| #define HAVE_DLFCN_H 1
| #define LT_OBJDIR ".libs/"
| #define HAVE_LIBPTHREAD 1
| /* end confdefs.h.  */
| 
| /* Override any GCC internal prototype to avoid an error.
|    Use char because int might match the return type of a GCC
|    builtin and then its argument prototype would still apply.  */
| #ifdef __cplusplus
| extern "C"
| #endif
| char clock_gettime ();
| int
| main ()
| {
| return clock_gettime ();
|   ;
|   return 0;
| }
configure:12721: result: no
configure:12733: checking for fmod in -lm
configure:12758: gcc -o conftest -g -O2   conftest.c -lm  -lpthread  >&5
conftest.c:36:6: warning: incompatible redeclaration of library function 'fmod' [-Wincompatible-library-redeclaration]
char fmod ();
     ^
conftest.c:36:6: note: 'fmod' is a builtin with type 'double (double, double)'
1 warning generated.
configure:12758: $? = 0
configure:12767: result: yes
configure:12782: checking for dlopen in -ldl
configure:12807: gcc -o conftest -g -O2   conftest.c -ldl  -lm -lpthread  >&5
configure:12807: $? = 0
configure:12816: result: yes
configure:12832: checking for inflate in -lz
configure:12857: gcc -o conftest -g -O2   conftest.c -lz  -ldl -lm -lpthread  >&5
configure:12857: $? = 0
configure:12866: result: yes
configure:12882: checking for ffi_call in -lffi
configure:12907: gcc -o conftest -g -O2   conftest.c -lffi  -lz -ldl -lm -lpthread  >&5
configure:12907: $? = 0
configure:12916: result: yes
configure:12931: checking for ANSI C header files
configure:13035: result: yes
configure:13046: checking sys/time.h usability
configure:13046: gcc -c -g -O2  conftest.c >&5
configure:13046: $? = 0
configure:13046: result: yes
configure:13046: checking sys/time.h presence
configure:13046: gcc -E  conftest.c
configure:13046: $? = 0
configure:13046: result: yes
configure:13046: checking for sys/time.h
configure:13046: result: yes
configure:13046: checking for unistd.h
configure:13046: result: yes
configure:13046: checking endian.h usability
configure:13046: gcc -c -g -O2  conftest.c >&5
conftest.c:69:10: fatal error: 'endian.h' file not found
#include <endian.h>
         ^~~~~~~~~~
1 error generated.
configure:13046: $? = 1
configure: failed program was:
| /* confdefs.h */
| #define PACKAGE_NAME "jamvm"
| #define PACKAGE_TARNAME "jamvm"
| #define PACKAGE_VERSION "2.0.0"
| #define PACKAGE_STRING "jamvm 2.0.0"
| #define PACKAGE_BUGREPORT ""
| #define PACKAGE_URL ""
| #define PACKAGE "jamvm"
| #define VERSION "2.0.0"
| #define THREADED 1
| #define DIRECT 1
| #define INLINING 1
| #define CLASSPATH_INSTALL_DIR "/usr/local/classpath"
| #define INSTALL_DIR "/usr/local/jamvm"
| #define STDC_HEADERS 1
| #define HAVE_SYS_TYPES_H 1
| #define HAVE_SYS_STAT_H 1
| #define HAVE_STDLIB_H 1
| #define HAVE_STRING_H 1
| #define HAVE_MEMORY_H 1
| #define HAVE_STRINGS_H 1
| #define HAVE_INTTYPES_H 1
| #define HAVE_STDINT_H 1
| #define HAVE_UNISTD_H 1
| #define HAVE_DLFCN_H 1
| #define LT_OBJDIR ".libs/"
| #define HAVE_LIBPTHREAD 1
| #define HAVE_LIBM 1
| #define HAVE_LIBDL 1
| #define HAVE_LIBZ 1
| #define HAVE_LIBFFI 1
| #define STDC_HEADERS 1
| #define HAVE_SYS_TIME_H 1
| #define HAVE_UNISTD_H 1
| /* end confdefs.h.  */
| #include <stdio.h>
| #ifdef HAVE_SYS_TYPES_H
| # include <sys/types.h>
| #endif
| #ifdef HAVE_SYS_STAT_H
| # include <sys/stat.h>
| #endif
| #ifdef STDC_HEADERS
| # include <stdlib.h>
| # include <stddef.h>
| #else
| # ifdef HAVE_STDLIB_H
| #  include <stdlib.h>
| # endif
| #endif
| #ifdef HAVE_STRING_H
| # if !defined STDC_HEADERS && defined HAVE_MEMORY_H
| #  include <memory.h>
| # endif
| # include <string.h>
| #endif
| #ifdef HAVE_STRINGS_H
| # include <strings.h>
| #endif
| #ifdef HAVE_INTTYPES_H
| # include <inttypes.h>
| #endif
| #ifdef HAVE_STDINT_H
| # include <stdint.h>
| #endif
| #ifdef HAVE_UNISTD_H
| # include <unistd.h>
| #endif
| #include <endian.h>
configure:13046: result: no
configure:13046: checking endian.h presence
configure:13046: gcc -E  conftest.c
conftest.c:36:10: fatal error: 'endian.h' file not found
#include <endian.h>
         ^~~~~~~~~~
1 error generated.
configure:13046: $? = 1
configure: failed program was:
| /* confdefs.h */
| #define PACKAGE_NAME "jamvm"
| #define PACKAGE_TARNAME "jamvm"
| #define PACKAGE_VERSION "2.0.0"
| #define PACKAGE_STRING "jamvm 2.0.0"
| #define PACKAGE_BUGREPORT ""
| #define PACKAGE_URL ""
| #define PACKAGE "jamvm"
| #define VERSION "2.0.0"
| #define THREADED 1
| #define DIRECT 1
| #define INLINING 1
| #define CLASSPATH_INSTALL_DIR "/usr/local/classpath"
| #define INSTALL_DIR "/usr/local/jamvm"
| #define STDC_HEADERS 1
| #define HAVE_SYS_TYPES_H 1
| #define HAVE_SYS_STAT_H 1
| #define HAVE_STDLIB_H 1
| #define HAVE_STRING_H 1
| #define HAVE_MEMORY_H 1
| #define HAVE_STRINGS_H 1
| #define HAVE_INTTYPES_H 1
| #define HAVE_STDINT_H 1
| #define HAVE_UNISTD_H 1
| #define HAVE_DLFCN_H 1
| #define LT_OBJDIR ".libs/"
| #define HAVE_LIBPTHREAD 1
| #define HAVE_LIBM 1
| #define HAVE_LIBDL 1
| #define HAVE_LIBZ 1
| #define HAVE_LIBFFI 1
| #define STDC_HEADERS 1
| #define HAVE_SYS_TIME_H 1
| #define HAVE_UNISTD_H 1
| /* end confdefs.h.  */
| #include <endian.h>
configure:13046: result: no
configure:13046: checking for endian.h
configure:13046: result: no
configure:13046: checking sys/param.h usability
configure:13046: gcc -c -g -O2  conftest.c >&5
configure:13046: $? = 0
configure:13046: result: yes
configure:13046: checking sys/param.h presence
configure:13046: gcc -E  conftest.c
configure:13046: $? = 0
configure:13046: result: yes
configure:13046: checking for sys/param.h
configure:13046: result: yes
configure:13046: checking locale.h usability
configure:13046: gcc -c -g -O2  conftest.c >&5
configure:13046: $? = 0
configure:13046: result: yes
configure:13046: checking locale.h presence
configure:13046: gcc -E  conftest.c
configure:13046: $? = 0
configure:13046: result: yes
configure:13046: checking for locale.h
configure:13046: result: yes
configure:13046: checking alloca.h usability
configure:13046: gcc -c -g -O2  conftest.c >&5
configure:13046: $? = 0
configure:13046: result: yes
configure:13046: checking alloca.h presence
configure:13046: gcc -E  conftest.c
configure:13046: $? = 0
configure:13046: result: yes
configure:13046: checking for alloca.h
configure:13046: result: yes
configure:13058: checking zlib.h usability
configure:13058: gcc -c -g -O2  conftest.c >&5
configure:13058: $? = 0
configure:13058: result: yes
configure:13058: checking zlib.h presence
configure:13058: gcc -E  conftest.c
configure:13058: $? = 0
configure:13058: result: yes
configure:13058: checking for zlib.h
configure:13058: result: yes
configure:13069: checking ffi.h usability
configure:13069: gcc -c -g -O2  conftest.c >&5
configure:13069: $? = 0
configure:13069: result: yes
configure:13069: checking ffi.h presence
configure:13069: gcc -E  conftest.c
configure:13069: $? = 0
configure:13069: result: yes
configure:13069: checking for ffi.h
configure:13069: result: yes
configure:13111: checking for an ANSI C-conforming const
configure:13177: gcc -c -g -O2  conftest.c >&5
configure:13177: $? = 0
configure:13184: result: yes
configure:13192: checking whether time.h and sys/time.h may both be included
configure:13212: gcc -c -g -O2  conftest.c >&5
configure:13212: $? = 0
configure:13219: result: yes
configure:13228: checking for size_t
configure:13228: gcc -c -g -O2  conftest.c >&5
configure:13228: $? = 0
configure:13228: gcc -c -g -O2  conftest.c >&5
conftest.c:78:21: error: expected expression
if (sizeof ((size_t)))
                    ^
1 error generated.
configure:13228: $? = 1
configure: failed program was:
| /* confdefs.h */
| #define PACKAGE_NAME "jamvm"
| #define PACKAGE_TARNAME "jamvm"
| #define PACKAGE_VERSION "2.0.0"
| #define PACKAGE_STRING "jamvm 2.0.0"
| #define PACKAGE_BUGREPORT ""
| #define PACKAGE_URL ""
| #define PACKAGE "jamvm"
| #define VERSION "2.0.0"
| #define THREADED 1
| #define DIRECT 1
| #define INLINING 1
| #define CLASSPATH_INSTALL_DIR "/usr/local/classpath"
| #define INSTALL_DIR "/usr/local/jamvm"
| #define STDC_HEADERS 1
| #define HAVE_SYS_TYPES_H 1
| #define HAVE_SYS_STAT_H 1
| #define HAVE_STDLIB_H 1
| #define HAVE_STRING_H 1
| #define HAVE_MEMORY_H 1
| #define HAVE_STRINGS_H 1
| #define HAVE_INTTYPES_H 1
| #define HAVE_STDINT_H 1
| #define HAVE_UNISTD_H 1
| #define HAVE_DLFCN_H 1
| #define LT_OBJDIR ".libs/"
| #define HAVE_LIBPTHREAD 1
| #define HAVE_LIBM 1
| #define HAVE_LIBDL 1
| #define HAVE_LIBZ 1
| #define HAVE_LIBFFI 1
| #define STDC_HEADERS 1
| #define HAVE_SYS_TIME_H 1
| #define HAVE_UNISTD_H 1
| #define HAVE_SYS_PARAM_H 1
| #define HAVE_LOCALE_H 1
| #define HAVE_ALLOCA_H 1
| #define USE_ZIP 1
| #define USE_FFI 1
| #define TIME_WITH_SYS_TIME 1
| /* end confdefs.h.  */
| #include <stdio.h>
| #ifdef HAVE_SYS_TYPES_H
| # include <sys/types.h>
| #endif
| #ifdef HAVE_SYS_STAT_H
| # include <sys/stat.h>
| #endif
| #ifdef STDC_HEADERS
| # include <stdlib.h>
| # include <stddef.h>
| #else
| # ifdef HAVE_STDLIB_H
| #  include <stdlib.h>
| # endif
| #endif
| #ifdef HAVE_STRING_H
| # if !defined STDC_HEADERS && defined HAVE_MEMORY_H
| #  include <memory.h>
| # endif
| # include <string.h>
| #endif
| #ifdef HAVE_STRINGS_H
| # include <strings.h>
| #endif
| #ifdef HAVE_INTTYPES_H
| # include <inttypes.h>
| #endif
| #ifdef HAVE_STDINT_H
| # include <stdint.h>
| #endif
| #ifdef HAVE_UNISTD_H
| # include <unistd.h>
| #endif
| int
| main ()
| {
| if (sizeof ((size_t)))
| 	    return 0;
|   ;
|   return 0;
| }
configure:13228: result: yes
configure:13241: checking for working alloca.h
configure:13258: gcc -o conftest -g -O2   conftest.c -lffi -lz -ldl -lm -lpthread  >&5
configure:13258: $? = 0
configure:13266: result: yes
configure:13274: checking for alloca
configure:13311: gcc -o conftest -g -O2   conftest.c -lffi -lz -ldl -lm -lpthread  >&5
configure:13311: $? = 0
configure:13319: result: yes
configure:13431: checking for stdlib.h
configure:13431: result: yes
configure:13431: checking for unistd.h
configure:13431: result: yes
configure:13431: checking for sys/param.h
configure:13431: result: yes
configure:13451: checking for getpagesize
configure:13451: gcc -o conftest -g -O2   conftest.c -lffi -lz -ldl -lm -lpthread  >&5
configure:13451: $? = 0
configure:13451: result: yes
configure:13460: checking for working mmap
configure:13607: gcc -o conftest -g -O2   conftest.c -lffi -lz -ldl -lm -lpthread  >&5
configure:13607: $? = 0
configure:13607: ./conftest
configure:13607: $? = 0
configure:13617: result: yes
configure:13629: checking for gettimeofday
configure:13629: gcc -o conftest -g -O2   conftest.c -lffi -lz -ldl -lm -lpthread  >&5
configure:13629: $? = 0
configure:13629: result: yes
configure:13629: checking for strtol
configure:13629: gcc -o conftest -g -O2   conftest.c -lffi -lz -ldl -lm -lpthread  >&5
conftest.c:73:6: warning: incompatible redeclaration of library function 'strtol' [-Wincompatible-library-redeclaration]
char strtol ();
     ^
conftest.c:73:6: note: 'strtol' is a builtin with type 'long (const char *, char **, int)'
1 warning generated.
configure:13629: $? = 0
configure:13629: result: yes
configure:13629: checking for setlocale
configure:13629: gcc -o conftest -g -O2   conftest.c -lffi -lz -ldl -lm -lpthread  >&5
configure:13629: $? = 0
configure:13629: result: yes
configure:13639: checking for LC_MESSAGES
configure:13655: gcc -o conftest -g -O2   conftest.c -lffi -lz -ldl -lm -lpthread  >&5
configure:13655: $? = 0
configure:13663: result: yes
configure:13674: checking for __thread
configure:13691: gcc -o conftest -g -O2   conftest.c -lffi -lz -ldl -lm -lpthread  >&5
conftest.c:53:10: fatal error: 'features.h' file not found
#include <features.h>
         ^~~~~~~~~~~~
1 error generated.
configure:13691: $? = 1
configure: failed program was:
| /* confdefs.h */
| #define PACKAGE_NAME "jamvm"
| #define PACKAGE_TARNAME "jamvm"
| #define PACKAGE_VERSION "2.0.0"
| #define PACKAGE_STRING "jamvm 2.0.0"
| #define PACKAGE_BUGREPORT ""
| #define PACKAGE_URL ""
| #define PACKAGE "jamvm"
| #define VERSION "2.0.0"
| #define THREADED 1
| #define DIRECT 1
| #define INLINING 1
| #define CLASSPATH_INSTALL_DIR "/usr/local/classpath"
| #define INSTALL_DIR "/usr/local/jamvm"
| #define STDC_HEADERS 1
| #define HAVE_SYS_TYPES_H 1
| #define HAVE_SYS_STAT_H 1
| #define HAVE_STDLIB_H 1
| #define HAVE_STRING_H 1
| #define HAVE_MEMORY_H 1
| #define HAVE_STRINGS_H 1
| #define HAVE_INTTYPES_H 1
| #define HAVE_STDINT_H 1
| #define HAVE_UNISTD_H 1
| #define HAVE_DLFCN_H 1
| #define LT_OBJDIR ".libs/"
| #define HAVE_LIBPTHREAD 1
| #define HAVE_LIBM 1
| #define HAVE_LIBDL 1
| #define HAVE_LIBZ 1
| #define HAVE_LIBFFI 1
| #define STDC_HEADERS 1
| #define HAVE_SYS_TIME_H 1
| #define HAVE_UNISTD_H 1
| #define HAVE_SYS_PARAM_H 1
| #define HAVE_LOCALE_H 1
| #define HAVE_ALLOCA_H 1
| #define USE_ZIP 1
| #define USE_FFI 1
| #define TIME_WITH_SYS_TIME 1
| #define HAVE_ALLOCA_H 1
| #define HAVE_ALLOCA 1
| #define HAVE_STDLIB_H 1
| #define HAVE_UNISTD_H 1
| #define HAVE_SYS_PARAM_H 1
| #define HAVE_GETPAGESIZE 1
| #define HAVE_MMAP 1
| #define HAVE_GETTIMEOFDAY 1
| #define HAVE_STRTOL 1
| #define HAVE_SETLOCALE 1
| #define HAVE_LC_MESSAGES 1
| /* end confdefs.h.  */
| #include <features.h>
|                                      #if !defined(__linux__) || !defined(__GLIBC__)
|                                          #error not supported on this OS/C library
|                                      #endif
| 
| int
| main ()
| {
| static __thread int foo = 0
|   ;
|   return 0;
| }
configure:13698: result: no
configure:13771: checking whether to enable maintainer-specific portions of Makefiles
configure:13780: result: no
configure:13946: creating ./config.status

## ---------------------- ##
## Running config.status. ##
## ---------------------- ##

This file was extended by jamvm config.status 2.0.0, which was
generated by GNU Autoconf 2.69.  Invocation command line was

  CONFIG_FILES    = 
  CONFIG_HEADERS  = 
  CONFIG_LINKS    = 
  CONFIG_COMMANDS = 
  $ ./config.status 

on chenquandeMacBook-Pro.local

config.status:1176: creating Makefile
config.status:1176: creating src/Makefile
config.status:1176: creating src/interp/Makefile
config.status:1176: creating src/interp/engine/Makefile
config.status:1176: creating src/arch/Makefile
config.status:1176: creating src/os/Makefile
config.status:1176: creating src/os/linux/Makefile
config.status:1176: creating src/os/darwin/Makefile
config.status:1176: creating src/os/bsd/Makefile
config.status:1176: creating src/os/solaris/Makefile
config.status:1176: creating src/os/solaris/x86/Makefile
config.status:1176: creating src/os/linux/powerpc/Makefile
config.status:1176: creating src/os/linux/arm/Makefile
config.status:1176: creating src/os/linux/i386/Makefile
config.status:1176: creating src/os/linux/x86_64/Makefile
config.status:1176: creating src/os/linux/parisc/Makefile
config.status:1176: creating src/os/linux/mips/Makefile
config.status:1176: creating src/os/darwin/i386/Makefile
config.status:1176: creating src/os/darwin/arm/Makefile
config.status:1176: creating src/os/darwin/powerpc/Makefile
config.status:1176: creating src/os/bsd/powerpc/Makefile
config.status:1176: creating src/os/bsd/arm/Makefile
config.status:1176: creating src/os/bsd/i386/Makefile
config.status:1176: creating src/os/bsd/x86_64/Makefile
config.status:1176: creating src/os/bsd/sparc/Makefile
config.status:1176: creating src/classlib/Makefile
config.status:1176: creating src/classlib/openjdk/Makefile
config.status:1176: creating src/classlib/gnuclasspath/Makefile
config.status:1176: creating src/classlib/gnuclasspath/lib/Makefile
config.status:1176: creating src/classlib/gnuclasspath/lib/java/Makefile
config.status:1176: creating src/classlib/gnuclasspath/lib/java/lang/Makefile
config.status:1176: creating src/classlib/gnuclasspath/lib/jamvm/Makefile
config.status:1176: creating src/classlib/gnuclasspath/lib/jamvm/java/Makefile
config.status:1176: creating src/classlib/gnuclasspath/lib/jamvm/java/lang/Makefile
config.status:1176: creating src/classlib/gnuclasspath/lib/java/lang/reflect/Makefile
config.status:1176: creating src/classlib/gnuclasspath/lib/java/security/Makefile
config.status:1176: creating src/classlib/gnuclasspath/lib/gnu/Makefile
config.status:1176: creating src/classlib/gnuclasspath/lib/sun/reflect/annotation/Makefile
config.status:1176: creating src/classlib/gnuclasspath/lib/sun/reflect/Makefile
config.status:1176: creating src/classlib/gnuclasspath/lib/sun/Makefile
config.status:1176: creating src/classlib/gnuclasspath/lib/gnu/classpath/Makefile
config.status:1176: creating src/config.h
config.status:1357: src/config.h is unchanged
config.status:1417: linking src/arch/x86_64.h to src/arch.h
config.status:1417: linking src/classlib/gnuclasspath/classlib.h to src/classlib.h
config.status:1417: linking src/classlib/gnuclasspath/classlib-defs.h to src/classlib-defs.h
config.status:1417: linking src/classlib/gnuclasspath/classlib-excep.h to src/classlib-excep.h
config.status:1417: linking src/classlib/gnuclasspath/classlib-symbol.h to src/classlib-symbol.h
config.status:1436: executing depfiles commands
config.status:1436: executing libtool commands

## ---------------- ##
## Cache variables. ##
## ---------------- ##

ac_cv_build=x86_64-apple-darwin19.6.0
ac_cv_c_compiler_gnu=yes
ac_cv_c_const=yes
ac_cv_env_CCASFLAGS_set=
ac_cv_env_CCASFLAGS_value=
ac_cv_env_CCAS_set=
ac_cv_env_CCAS_value=
ac_cv_env_CC_set=
ac_cv_env_CC_value=
ac_cv_env_CFLAGS_set=
ac_cv_env_CFLAGS_value=
ac_cv_env_CPPFLAGS_set=
ac_cv_env_CPPFLAGS_value=
ac_cv_env_CPP_set=
ac_cv_env_CPP_value=
ac_cv_env_LDFLAGS_set=
ac_cv_env_LDFLAGS_value=
ac_cv_env_LIBS_set=
ac_cv_env_LIBS_value=
ac_cv_env_build_alias_set=
ac_cv_env_build_alias_value=
ac_cv_env_host_alias_set=
ac_cv_env_host_alias_value=
ac_cv_env_target_alias_set=
ac_cv_env_target_alias_value=
ac_cv_func_alloca_works=yes
ac_cv_func_getpagesize=yes
ac_cv_func_gettimeofday=yes
ac_cv_func_mmap_fixed_mapped=yes
ac_cv_func_setlocale=yes
ac_cv_func_strtol=yes
ac_cv_header_alloca_h=yes
ac_cv_header_dlfcn_h=yes
ac_cv_header_endian_h=no
ac_cv_header_ffi_h=yes
ac_cv_header_inttypes_h=yes
ac_cv_header_locale_h=yes
ac_cv_header_memory_h=yes
ac_cv_header_stdc=yes
ac_cv_header_stdint_h=yes
ac_cv_header_stdlib_h=yes
ac_cv_header_string_h=yes
ac_cv_header_strings_h=yes
ac_cv_header_sys_param_h=yes
ac_cv_header_sys_stat_h=yes
ac_cv_header_sys_time_h=yes
ac_cv_header_sys_types_h=yes
ac_cv_header_time=yes
ac_cv_header_unistd_h=yes
ac_cv_header_zlib_h=yes
ac_cv_host=x86_64-apple-darwin19.6.0
ac_cv_lib_dl_dlopen=yes
ac_cv_lib_ffi_ffi_call=yes
ac_cv_lib_m_fmod=yes
ac_cv_lib_pthread_pthread_self=yes
ac_cv_lib_rt_clock_gettime=no
ac_cv_lib_thr_pthread_self=no
ac_cv_lib_z_inflate=yes
ac_cv_objext=o
ac_cv_path_EGREP='/usr/bin/grep -E'
ac_cv_path_FGREP='/usr/bin/grep -F'
ac_cv_path_GREP=/usr/bin/grep
ac_cv_path_SED=/usr/bin/sed
ac_cv_path_install='/usr/bin/install -c'
ac_cv_prog_AWK=awk
ac_cv_prog_CPP='gcc -E'
ac_cv_prog_JAVAC=jikes
ac_cv_prog_ac_ct_AR=ar
ac_cv_prog_ac_ct_CC=gcc
ac_cv_prog_ac_ct_DSYMUTIL=dsymutil
ac_cv_prog_ac_ct_LIPO=lipo
ac_cv_prog_ac_ct_NMEDIT=nmedit
ac_cv_prog_ac_ct_OBJDUMP=objdump
ac_cv_prog_ac_ct_OTOOL=otool
ac_cv_prog_ac_ct_RANLIB=ranlib
ac_cv_prog_ac_ct_STRIP=strip
ac_cv_prog_cc_c89=
ac_cv_prog_cc_g=yes
ac_cv_prog_make_make_set=yes
ac_cv_type_size_t=yes
ac_cv_working_alloca_h=yes
am_cv_CCAS_dependencies_compiler_type=gcc3
am_cv_CC_dependencies_compiler_type=gcc3
am_cv_val_LC_MESSAGES=yes
lt_cv_apple_cc_single_mod=yes
lt_cv_ar_at_file=no
lt_cv_deplibs_check_method=pass_all
lt_cv_file_magic_cmd='$MAGIC_CMD'
lt_cv_file_magic_test_file=
lt_cv_ld_exported_symbols_list=yes
lt_cv_ld_force_load=yes
lt_cv_ld_reload_flag=-r
lt_cv_nm_interface='BSD nm'
lt_cv_objdir=.libs
lt_cv_path_LD=/Library/Developer/CommandLineTools/usr/bin/ld
lt_cv_path_NM='/usr/bin/nm -B'
lt_cv_path_mainfest_tool=no
lt_cv_prog_compiler_c_o=yes
lt_cv_prog_compiler_pic='-fno-common -DPIC'
lt_cv_prog_compiler_pic_works=yes
lt_cv_prog_compiler_rtti_exceptions=yes
lt_cv_prog_compiler_static_works=no
lt_cv_prog_gnu_ld=no
lt_cv_sharedlib_from_linklib_cmd='printf %s\n'
lt_cv_sys_global_symbol_pipe='sed -n -e '\''s/^.*[	 ]\([BCDEGRST][BCDEGRST]*\)[	 ][	 ]*_\([_A-Za-z][_A-Za-z0-9]*\)$/\1 _\2 \2/p'\'' | sed '\''/ __gnu_lto/d'\'''
lt_cv_sys_global_symbol_to_c_name_address='sed -n -e '\''s/^: \([^ ]*\)[ ]*$/  {\"\1\", (void *) 0},/p'\'' -e '\''s/^[BCDEGRST]* \([^ ]*\) \([^ ]*\)$/  {"\2", (void *) \&\2},/p'\'''
lt_cv_sys_global_symbol_to_c_name_address_lib_prefix='sed -n -e '\''s/^: \([^ ]*\)[ ]*$/  {\"\1\", (void *) 0},/p'\'' -e '\''s/^[BCDEGRST]* \([^ ]*\) \(lib[^ ]*\)$/  {"\2", (void *) \&\2},/p'\'' -e '\''s/^[BCDEGRST]* \([^ ]*\) \([^ ]*\)$/  {"lib\2", (void *) \&\2},/p'\'''
lt_cv_sys_global_symbol_to_cdecl='sed -n -e '\''s/^T .* \(.*\)$/extern int \1();/p'\'' -e '\''s/^[BCDEGRST]* .* \(.*\)$/extern char \1;/p'\'''
lt_cv_sys_max_cmd_len=196608
lt_cv_to_host_file_cmd=func_convert_file_noop
lt_cv_to_tool_file_cmd=func_convert_file_noop

## ----------------- ##
## Output variables. ##
## ----------------- ##

ACLOCAL='${SHELL} /Users/chenquan/Desktop/jamvm-2.0.0/missing --run aclocal-1.11'
ALLOCA=''
AMDEPBACKSLASH='\'
AMDEP_FALSE='#'
AMDEP_TRUE=''
AMTAR='$${TAR-tar}'
AR='ar'
AUTOCONF='${SHELL} /Users/chenquan/Desktop/jamvm-2.0.0/missing --run autoconf'
AUTOHEADER='${SHELL} /Users/chenquan/Desktop/jamvm-2.0.0/missing --run autoheader'
AUTOMAKE='${SHELL} /Users/chenquan/Desktop/jamvm-2.0.0/missing --run automake-1.11'
AWK='awk'
CC='gcc'
CCAS='gcc'
CCASDEPMODE='depmode=gcc3'
CCASFLAGS='-g -O2'
CCDEPMODE='depmode=gcc3'
CFLAGS='-g -O2'
COMPILE_TIME_RELOC_CHECKS_FALSE='#'
COMPILE_TIME_RELOC_CHECKS_TRUE=''
CPP='gcc -E'
CPPFLAGS=''
CYGPATH_W='echo'
DEFS='-DHAVE_CONFIG_H'
DEPDIR='.deps'
DLLTOOL='false'
DSYMUTIL='dsymutil'
DUMPBIN=''
ECHO_C='\c'
ECHO_N=''
ECHO_T=''
EGREP='/usr/bin/grep -E'
EXEEXT=''
FGREP='/usr/bin/grep -F'
GREP='/usr/bin/grep'
INSTALL_DATA='${INSTALL} -m 644'
INSTALL_PROGRAM='${INSTALL}'
INSTALL_SCRIPT='${INSTALL}'
INSTALL_STRIP_PROGRAM='$(install_sh) -c -s'
JAVAC='jikes'
LD='/Library/Developer/CommandLineTools/usr/bin/ld'
LDFLAGS=''
LIBOBJS=''
LIBS='-lffi -lz -ldl -lm -lpthread '
LIBTOOL='$(SHELL) $(top_builddir)/libtool'
LIPO='lipo'
LN_S='ln -s'
LTLIBOBJS=''
MAINT='#'
MAINTAINER_MODE_FALSE=''
MAINTAINER_MODE_TRUE='#'
MAKEINFO='${SHELL} /Users/chenquan/Desktop/jamvm-2.0.0/missing --run makeinfo'
MANIFEST_TOOL=':'
MKDIR_P='./install-sh -c -d'
NM='/usr/bin/nm -B'
NMEDIT='nmedit'
OBJDUMP='objdump'
OBJEXT='o'
OTOOL64=':'
OTOOL='otool'
PACKAGE='jamvm'
PACKAGE_BUGREPORT=''
PACKAGE_NAME='jamvm'
PACKAGE_STRING='jamvm 2.0.0'
PACKAGE_TARNAME='jamvm'
PACKAGE_URL=''
PACKAGE_VERSION='2.0.0'
PATH_SEPARATOR=':'
RANLIB='ranlib'
SED='/usr/bin/sed'
SET_MAKE=''
SHELL='/bin/sh'
STRIP='strip'
VERSION='2.0.0'
ac_ct_AR='ar'
ac_ct_CC='gcc'
ac_ct_DUMPBIN=''
am__EXEEXT_FALSE=''
am__EXEEXT_TRUE='#'
am__fastdepCCAS_FALSE='#'
am__fastdepCCAS_TRUE=''
am__fastdepCC_FALSE='#'
am__fastdepCC_TRUE=''
am__include='include'
am__isrc=''
am__leading_dot='.'
am__nodep='_no'
am__quote=''
am__tar='$${TAR-tar} chof - "$$tardir"'
am__untar='$${TAR-tar} xf -'
arch='x86_64'
bindir='${exec_prefix}/bin'
build='x86_64-apple-darwin19.6.0'
build_alias=''
build_cpu='x86_64'
build_os='darwin19.6.0'
build_vendor='apple'
classlib='gnuclasspath'
datadir='${datarootdir}'
datarootdir='${prefix}/share'
docdir='${datarootdir}/doc/${PACKAGE_TARNAME}'
dvidir='${docdir}'
exec_prefix='${prefix}'
host='x86_64-apple-darwin19.6.0'
host_alias=''
host_cpu='x86_64'
host_os='darwin'
host_vendor='apple'
htmldir='${docdir}'
includedir='${prefix}/include'
infodir='${datarootdir}/info'
install_sh='${SHELL} /Users/chenquan/Desktop/jamvm-2.0.0/install-sh'
interp_cflags=' -fno-reorder-blocks'
libdir='${exec_prefix}/lib'
libexecdir='${exec_prefix}/libexec'
localedir='${datarootdir}/locale'
localstatedir='${prefix}/var'
mandir='${datarootdir}/man'
mkdir_p='$(top_builddir)/./install-sh -c -d'
oldincludedir='/usr/include'
os='darwin'
pdfdir='${docdir}'
prefix='/usr/local/jamvm'
program_transform_name='s,x,x,'
psdir='${docdir}'
sbindir='${exec_prefix}/sbin'
sharedstatedir='${prefix}/com'
sysconfdir='${prefix}/etc'
target_alias=''
use_zip_no='#'
use_zip_yes=''
with_classpath_install_dir='/usr/local/classpath'

## ----------- ##
## confdefs.h. ##
## ----------- ##

/* confdefs.h */
#define PACKAGE_NAME "jamvm"
#define PACKAGE_TARNAME "jamvm"
#define PACKAGE_VERSION "2.0.0"
#define PACKAGE_STRING "jamvm 2.0.0"
#define PACKAGE_BUGREPORT ""
#define PACKAGE_URL ""
#define PACKAGE "jamvm"
#define VERSION "2.0.0"
#define THREADED 1
#define DIRECT 1
#define INLINING 1
#define CLASSPATH_INSTALL_DIR "/usr/local/classpath"
#define INSTALL_DIR "/usr/local/jamvm"
#define STDC_HEADERS 1
#define HAVE_SYS_TYPES_H 1
#define HAVE_SYS_STAT_H 1
#define HAVE_STDLIB_H 1
#define HAVE_STRING_H 1
#define HAVE_MEMORY_H 1
#define HAVE_STRINGS_H 1
#define HAVE_INTTYPES_H 1
#define HAVE_STDINT_H 1
#define HAVE_UNISTD_H 1
#define HAVE_DLFCN_H 1
#define LT_OBJDIR ".libs/"
#define HAVE_LIBPTHREAD 1
#define HAVE_LIBM 1
#define HAVE_LIBDL 1
#define HAVE_LIBZ 1
#define HAVE_LIBFFI 1
#define STDC_HEADERS 1
#define HAVE_SYS_TIME_H 1
#define HAVE_UNISTD_H 1
#define HAVE_SYS_PARAM_H 1
#define HAVE_LOCALE_H 1
#define HAVE_ALLOCA_H 1
#define USE_ZIP 1
#define USE_FFI 1
#define TIME_WITH_SYS_TIME 1
#define HAVE_ALLOCA_H 1
#define HAVE_ALLOCA 1
#define HAVE_STDLIB_H 1
#define HAVE_UNISTD_H 1
#define HAVE_SYS_PARAM_H 1
#define HAVE_GETPAGESIZE 1
#define HAVE_MMAP 1
#define HAVE_GETTIMEOFDAY 1
#define HAVE_STRTOL 1
#define HAVE_SETLOCALE 1
#define HAVE_LC_MESSAGES 1
#define SHARED_CHAR_BUFFERS 1
#define VERSION_MAJOR 2
#define VERSION_MINOR 0
#define VERSION_MICRO 0

configure: exit 0
